
baby n.  婴儿
back ad.  回（原处）；向后 a.  后 面的n.  背后， 后部；背
background n.  背景
bad  (  比较级 worse,  最高级 worst) a.  坏的； 有害的， 不利 的；严重的
bag n.  书包；提包； 袋子 
ball   n.  球 舞会
balloon n.  气球
bamboo n.  竹
banana n.  香蕉 
bank   n.   （河、海、湖的）岸，堤 银行
baseball n.  棒球
basic a.  基本的
basket n.  篮子
basketball n.  篮球
bathroom n.  浴室，盥洗室   
be v.  是（原形），其人称和时 态形式有 am,  is,  are,  was, were, being, been  ；成为     
beach n.  海滨， 海滩
bear  n.  熊
beat (beat, beaten) v.  敲打；跳 动；打赢 n.    （音乐）节拍  
beautiful a.  美的，美丽的，美 观的
because conj.  因为
become   (became,  become)  v. 变得；成为
bed n.  床
bedroom n.  寝室， 卧室
bee n..  蜜蜂
beef n.  牛肉
before  prep.  在 …… 以前； 在 …… 前面 ad.  以前 conj. 在 …… 之前
begin(began,begun)          v.   开始，着手
behaviour n.  行为， 举止     
behind  prep.  (  表 示 位 置 ) 在 …… 后面 ad.  在后面；向 后
believe v.  相信， 认为
bell n.  钟，铃；钟 (  铃 )  声； 钟形物
below  prep.  在 …… 下面 
belt n.    （皮）带
beside prep.  在 …… 旁边；靠 近
besides  prep.  除 …… 以外 （还有）  ad.  还有， 此外    
between prep.  在（两者）之间； 在 …… 中间
beyond  prep.  (  表示位置 ) 在 …… 的那边
big      a.  大的 
bike n.  自行车
bicycle n.  自行车
bill n.  账单；法案，议案；（美） 钞票， 纸币
bird n.  鸟
birth n.  出生；  诞生
birthday n.  生日
biscuit n.  饼干
bit n.  一点，一些， 少量的  
bitter  a.  有苦味的；痛苦的， 难过的；严酷的
black n.  黑色 a.  黑色的
blackboard n.  黑板
blind a.  瞎的
blood n.  血， 血液
blow n.  击；打击
blue   n.  蓝色 a.  蓝色的 悲伤 的；沮丧的
board  n.  木板； 布告牌； 委员 会；（政府的） 部 v.  上（船、 火车、飞机）
boat n.  小船，小舟
body n.  身体
book n.  书；本子 v.  预定，定 （房间、车票等）
boring a.  乏味的， 无聊的
born a.  出生
borrow v.   （向别人） 借用；借 
boss n.  领班；老板
both a.  两； 双 pron.  两者；双 方
bottle n.  瓶子
bottom n.  底部； 底
bowl n.  碗
box n.  盒子，箱子
boy n.  男孩
brain n.  脑（子）
brave a.  勇敢的
bread n.  面包
break  (broke,  broken)  v.  打破 （断， 碎）；损坏， 撕开 n.  间 隙
breakfast n.  早餐
breath n.  气息；呼吸
breathe vi.  呼吸
bridge n.  桥
bright a.  明亮的；聪明的 
bring (brought, brought) vt.  拿 来，带来， 取来
brother n.  兄； 弟
brown  n.  褐色，棕色 a.  褐色 的，棕色的
brush v.  刷；擦 n.  刷子     
build (built, built) v.  建筑； 造 
building n.  建筑物； 房屋；大 楼 
bun n.  馒头；小甜面包   
burn (-ed, -ed  或 burnt, burnt) v.  燃， 烧， 着火；使烧焦；使 晒黑 n.  烧伤； 晒伤
bus n.  公共汽车
business n.    （本分） 工作，职 业；职责； 生意，交易； 事业 
busy a.  忙（碌） 的
but conj.  但是， 可是prep.  除了，除 …… 外  
butter n.  黄油， 奶油        
butterfly n.  蝴蝶           
buy(bought,bought)      vt.  买 
by prep.  靠近， 在 …… 旁； 在 …… 时间；不迟于；被； 用；由；乘（车）
bye int.  再见